<?xml version="1.0" encoding="UTF-8"?>
<testsuite name="ru.netology.AuthorizationTest" tests="5" skipped="0" failures="0" errors="0" timestamp="2022-03-10T12:54:51" hostname="DOG-MAR" time="8.586">
  <properties/>
  <testcase name="shouldInvalidLogin()" classname="ru.netology.AuthorizationTest" time="5.701"/>
  <testcase name="shouldSuccessfulLoginRegisteredUser()" classname="ru.netology.AuthorizationTest" time="0.583"/>
  <testcase name="shouldInvalidPassword()" classname="ru.netology.AuthorizationTest" time="0.909"/>
  <testcase name="shouldLoginBlockedUser()" classname="ru.netology.AuthorizationTest" time="0.859"/>
  <testcase name="shouldLoginNotRegisteredUser()" classname="ru.netology.AuthorizationTest" time="0.533"/>
  <system-out><![CDATA[Request method:	POST
Request URI:	http://localhost:9999/api/system/users
Proxy:			<none>
Request params:	<none>
Query params:	<none>
Form params:	<none>
Path params:	<none>
Headers:		Accept=application/json, application/javascript, text/javascript, text/json
				Content-Type=application/json; charset=UTF-8
Cookies:		<none>
Multiparts:		<none>
Body:
{
    "login": "rodrigo.block",
    "password": "jolu4k5d0fdm",
    "status": "active"
}
Request method:	POST
Request URI:	http://localhost:9999/api/system/users
Proxy:			<none>
Request params:	<none>
Query params:	<none>
Form params:	<none>
Path params:	<none>
Headers:		Accept=application/json, application/javascript, text/javascript, text/json
				Content-Type=application/json; charset=UTF-8
Cookies:		<none>
Multiparts:		<none>
Body:
{
    "login": "delbert.cummings",
    "password": "50whlsa0o3vsniz",
    "status": "active"
}
Request method:	POST
Request URI:	http://localhost:9999/api/system/users
Proxy:			<none>
Request params:	<none>
Query params:	<none>
Form params:	<none>
Path params:	<none>
Headers:		Accept=application/json, application/javascript, text/javascript, text/json
				Content-Type=application/json; charset=UTF-8
Cookies:		<none>
Multiparts:		<none>
Body:
{
    "login": "connie.abshire",
    "password": "vwsdzj368zrnqvp",
    "status": "active"
}
Request method:	POST
Request URI:	http://localhost:9999/api/system/users
Proxy:			<none>
Request params:	<none>
Query params:	<none>
Form params:	<none>
Path params:	<none>
Headers:		Accept=application/json, application/javascript, text/javascript, text/json
				Content-Type=application/json; charset=UTF-8
Cookies:		<none>
Multiparts:		<none>
Body:
{
    "login": "dakota.aufderhar",
    "password": "4fcmpmiyc",
    "status": "blocked"
}
]]></system-out>
  <system-err><![CDATA[[Test worker] INFO com.codeborne.selenide.impl.WebDriverThreadLocalContainer - No webdriver is bound to current thread: 13 - let's create a new webdriver
[Test worker] INFO com.codeborne.selenide.impl.FileHelper - Creating folder: C:\Users\belova\IdeaProjects\PatternsZadacha2\build\downloads\1646916891115_12100_13
[Test worker] INFO io.github.bonigarcia.wdm.WebDriverManager - Using chromedriver 99.0.4844.51 (resolved driver for Chrome 99)
[Test worker] INFO io.github.bonigarcia.wdm.WebDriverManager - Exporting webdriver.chrome.driver as C:\Users\belova\.cache\selenium\chromedriver\win32\99.0.4844.51\chromedriver.exe
Starting ChromeDriver 99.0.4844.51 (d537ec02474b5afe23684e7963d538896c63ac77-refs/branch-heads/4844@{#875}) on port 36464
Only local connections are allowed.
Please see https://chromedriver.chromium.org/security-considerations for suggestions on keeping ChromeDriver safe.
ChromeDriver was started successfully.
мар. 10, 2022 3:54:53 PM org.openqa.selenium.remote.ProtocolHandshake createSession
INFO: Detected dialect: W3C
[Test worker] INFO com.codeborne.selenide.webdriver.BrowserResizer - Set browser size to 1366x768
[Test worker] INFO com.codeborne.selenide.webdriver.WebDriverFactory - BrowserName=chrome Version=99.0.4844.51 Platform=WINDOWS
[Test worker] INFO com.codeborne.selenide.webdriver.WebDriverFactory - Selenide v. 5.19.0
[Test worker] INFO com.codeborne.selenide.webdriver.WebDriverFactory - Selenium WebDriver v. 3.141.59 build time: 2018-11-14T08:17:03
[Test worker] INFO com.codeborne.selenide.drivercommands.CreateDriverCommand - Create webdriver in current thread 13: ChromeDriver -> ChromeDriver: chrome on WINDOWS (6593ab0ce5d8efff7728230723e390ed)
]]></system-err>
</testsuite>
